<?xml version="1.0" encoding="UTF-8"?>
<!-- Generated by org.testng.reporters.JUnitReportReporter -->
<testsuite hostname="DESKTOP-UG6V5R3" failures="0" tests="1" name="testCases.OrangeHRMS" time="104.738" errors="0" timestamp="2023-01-02T02:44:14 GMT-05:00" skipped="0">
  <testcase classname="testCases.OrangeHRMS" name="tc_01" time="104.738"/>
  <system-out/>
</testsuite> <!-- testCases.OrangeHRMS -->
