<?xml version="1.0" encoding="UTF-8"?>
<!-- Generated by org.testng.reporters.JUnitReportReporter -->
<testsuite hostname="DESKTOP-UG6V5R3" failures="0" tests="1" name="testCases.Demoqa_Login" time="55.604" errors="0" timestamp="2023-01-01T08:05:33 GMT-05:00" skipped="0">
  <testcase classname="testCases.Demoqa_Login" name="tc_01" time="55.604"/>
  <system-out/>
</testsuite> <!-- testCases.Demoqa_Login -->
